Warning: ignoring unsupported tag `ALLOW_UNICODE_NAMES    =' at line 79, file /home/travis/build/algdat/blatt-2-amf0/Doxyfile
Warning: ignoring unsupported tag `GROUP_NESTED_COMPOUNDS =' at line 351, file /home/travis/build/algdat/blatt-2-amf0/Doxyfile
Warning: ignoring unsupported tag `HIDE_COMPOUND_REFERENCE=' at line 522, file /home/travis/build/algdat/blatt-2-amf0/Doxyfile
Warning: Tag `CLANG_ASSISTED_PARSING' at line 1006 of file /home/travis/build/algdat/blatt-2-amf0/Doxyfile belongs to an option that was not enabled at compile time.
To avoid this warning please remove this line from your configuration file, upgrade it using "doxygen -u", or recompile doxygen with this feature enabled.
Warning: Tag `CLANG_OPTIONS' at line 1014 of file /home/travis/build/algdat/blatt-2-amf0/Doxyfile belongs to an option that was not enabled at compile time.
To avoid this warning please remove this line from your configuration file, upgrade it using "doxygen -u", or recompile doxygen with this feature enabled.
Warning: ignoring unsupported tag `LATEX_EXTRA_STYLESHEET =' at line 1686, file /home/travis/build/algdat/blatt-2-amf0/Doxyfile
Warning: ignoring unsupported tag `RTF_SOURCE_CODE        =' at line 1811, file /home/travis/build/algdat/blatt-2-amf0/Doxyfile
Warning: ignoring unsupported tag `MAN_SUBDIR             =' at line 1846, file /home/travis/build/algdat/blatt-2-amf0/Doxyfile
Warning: ignoring unsupported tag `DOCBOOK_PROGRAMLISTING =' at line 1909, file /home/travis/build/algdat/blatt-2-amf0/Doxyfile
Warning: ignoring unsupported tag `PLANTUML_JAR_PATH      =' at line 2338, file /home/travis/build/algdat/blatt-2-amf0/Doxyfile
Warning: ignoring unsupported tag `PLANTUML_INCLUDE_PATH  =' at line 2343, file /home/travis/build/algdat/blatt-2-amf0/Doxyfile
/home/travis/build/algdat/blatt-2-amf0/gui/main.h:58: warning: argument 'str' of command @param is not found in the argument list of printv(const char *fstr,...)
/home/travis/build/algdat/blatt-2-amf0/gui/main.h:58: warning: The following parameters of printv(const char *fstr,...) are not documented:
  parameter 'fstr'
/home/travis/build/algdat/blatt-2-amf0/gui/main.h:58: warning: argument 'str' of command @param is not found in the argument list of printv(const char *fstr,...)
/home/travis/build/algdat/blatt-2-amf0/gui/main.h:58: warning: The following parameters of printv(const char *fstr,...) are not documented:
  parameter 'fstr'
Searching for include files...
Searching for example files...
Searching for images...
Searching for dot files...
Searching for msc files...
Searching for dia files...
Searching for files to exclude
Searching for files to process...
Searching for files in directory /home/travis/build/algdat/blatt-2-amf0/graphtool
Searching for files in directory /home/travis/build/algdat/blatt-2-amf0/graphtool/CMakeFiles
Searching for files in directory /home/travis/build/algdat/blatt-2-amf0/graphtool/CMakeFiles/graphtoolShared.dir
Searching for files in directory /home/travis/build/algdat/blatt-2-amf0/gui
Searching for files in directory /home/travis/build/algdat/blatt-2-amf0/gui/CMakeFiles
Searching for files in directory /home/travis/build/algdat/blatt-2-amf0/gui/CMakeFiles/graphtoolGui.dir
Reading and parsing tag files
Parsing files
Preprocessing /home/travis/build/algdat/blatt-2-amf0/graphtool/Graph.cpp...
Parsing file /home/travis/build/algdat/blatt-2-amf0/graphtool/Graph.cpp...
Preprocessing /home/travis/build/algdat/blatt-2-amf0/graphtool/Graph.h...
Parsing file /home/travis/build/algdat/blatt-2-amf0/graphtool/Graph.h...
Preprocessing /home/travis/build/algdat/blatt-2-amf0/gui/main.cpp...
Parsing file /home/travis/build/algdat/blatt-2-amf0/gui/main.cpp...
Preprocessing /home/travis/build/algdat/blatt-2-amf0/gui/main.h...
Parsing file /home/travis/build/algdat/blatt-2-amf0/gui/main.h...
Building group list...
Building directory list...
Building namespace list...
Building file list...
Building class list...
Associating documentation with classes...
Computing nesting relations for classes...
Building example list...
Searching for enumerations...
Searching for documented typedefs...
Searching for members imported via using declarations...
Searching for included using directives...
Searching for documented variables...
Building interface member list...
Building member list...
Searching for friends...
Searching for documented defines...
Computing class inheritance relations...
Computing class usage relations...
Flushing cached template relations that have become invalid...
Creating members for template instances...
Computing class relations...
Add enum values to enums...
Searching for member function documentation...
Building page list...
Search for main page...
Computing page relations...
Determining the scope of groups...
Sorting lists...
Freeing entry tree
Determining which enums are documented
Computing member relations...
Building full member lists recursively...
Adding members to member groups.
Computing member references...
Inheriting documentation...
Generating disk names...
Adding source references...
Adding xrefitems...
Sorting member lists...
Computing dependencies between directories...
Generating citations page...
Counting data structures...
Resolving user defined references...
Finding anchors and sections in the documentation...
Transferring function references...
Combining using relations...
Adding members to index pages...
Generating style sheet...
Generating search indices...
Generating example documentation...
Generating file sources...
Generating code for file /home/travis/build/algdat/blatt-2-amf0/graphtool/Graph.h...
Generating code for file /home/travis/build/algdat/blatt-2-amf0/gui/main.h...
Generating file documentation...
Generating docs for file /home/travis/build/algdat/blatt-2-amf0/graphtool/Graph.cpp...
Generating docs for file /home/travis/build/algdat/blatt-2-amf0/graphtool/Graph.h...
Generating docs for file /home/travis/build/algdat/blatt-2-amf0/gui/main.cpp...
Generating docs for file /home/travis/build/algdat/blatt-2-amf0/gui/main.h...
Generating page documentation...
Generating group documentation...
Generating class documentation...
Generating docs for compound Graph...
Generating docs for compound optionItem...
Generating namespace index...
Generating graph info page...
Generating directory documentation...
Generating index page...
Generating page index...
Generating module index...
Generating namespace index...
Generating namespace member index...
Generating annotated compound index...
Generating alphabetical compound index...
Generating hierarchical class index...
Generating member index...
Generating file index...
Generating file member index...
Generating example index...
finalizing index lists...
lookup cache used 123/65536 hits=586 misses=124
finished...
